#
# A fatal error has been detected by the Java Runtime Environment:
#
#  EXCEPTION_ACCESS_VIOLATION (0xc0000005) at pc=0x00007ff995b56407, pid=13860, tid=11372
#
# JRE version: OpenJDK Runtime Environment (17.0.2+8) (build 17.0.2+8-86)
# Java VM: OpenJDK 64-Bit Server VM (17.0.2+8-86, mixed mode, sharing, tiered, compressed oops, compressed class ptrs, g1 gc, windows-amd64)
# Problematic frame:
# C  [glass.dll+0x26407]
#
# No core dump will be written. Minidumps are not enabled by default on client versions of Windows
#
# If you would like to submit a bug report, please visit:
#   https://bugreport.java.com/bugreport/crash.jsp
#

---------------  S U M M A R Y ------------

Command Line: -javaagent:D:\IntelliJ IDEA Community Edition 2021.3.2\lib\idea_rt.jar=58198:D:\IntelliJ IDEA Community Edition 2021.3.2\bin -Dfile.encoding=UTF-8 --module-path=C:\Users\Warfa\.m2\repository\org\openjfx\javafx-controls\19.0.2.1\javafx-controls-19.0.2.1-win.jar;D:\My documents\Универ\Java\courseProject\target\classes;C:\Users\Warfa\.m2\repository\org\openjfx\javafx-graphics\19.0.2.1\javafx-graphics-19.0.2.1-win.jar;C:\Users\Warfa\.m2\repository\org\openjfx\javafx-fxml\19.0.2.1\javafx-fxml-19.0.2.1-win.jar;C:\Users\Warfa\.m2\repository\org\openjfx\javafx-base\19.0.2.1\javafx-base-19.0.2.1-win.jar -Djdk.module.main=com.course.courseproject com.course.courseproject/com.course.courseproject.Main

Host: AMD Ryzen 7 3700U with Radeon Vega Mobile Gfx  , 8 cores, 14G,  Windows 11 , 64 bit Build 22621 (10.0.22621.2506)
Time: Tue Nov 28 18:11:00 2023  Windows 11 , 64 bit Build 22621 (10.0.22621.2506) elapsed time: 435.617774 seconds (0d 0h 7m 15s)

---------------  T H R E A D  ---------------

Current thread (0x000001ba60076540):  VMThread "VM Thread" [stack: 0x0000009f2f900000,0x0000009f2fa00000] [id=11372]

Stack: [0x0000009f2f900000,0x0000009f2fa00000],  sp=0x0000009f2f9ff1a0,  free space=1020k
Native frames: (J=compiled Java code, j=interpreted, Vv=VM code, C=native code)
C  [glass.dll+0x26407]


siginfo: EXCEPTION_ACCESS_VIOLATION (0xc0000005), reading address 0x0000000000000000


Register to memory mapping:

RIP=0x00007ff995b56407 glass.dll
RAX=0x0 is NULL
RBX=0x000001ba60082568 is a global jni handle
RCX=0x000001ba60076540 points into unknown readable memory: 0x00007ff98bd4e880 | 80 e8 d4 8b f9 7f 00 00
RDX=0x0000009f2f9ff1a0 points into unknown readable memory: 0x0000000000000000 | 00 00 00 00 00 00 00 00
RSP=0x0000009f2f9ff1a0 points into unknown readable memory: 0x0000000000000000 | 00 00 00 00 00 00 00 00
RBP=0x000001ba616a89a8 points into unknown readable memory: 0x0000f1db2da0da2e | 2e da a0 2d db f1 00 00
RSI=0x0000009f2f9ff2a8 points into unknown readable memory: 0x0000009f2f9ff290 | 90 f2 9f 2f 9f 00 00 00
RDI=0x000001ba616a8980 points into unknown readable memory: 0x4e16f1db325ebf43 | 43 bf 5e 32 db f1 16 4e
R8 =0x0000000000010002 is an unknown value
R9 =0x000001ba616a8980 points into unknown readable memory: 0x4e16f1db325ebf43 | 43 bf 5e 32 db f1 16 4e
R10=0x85f13e9656da4870 is an unknown value
R11=0x0000009f2f9ff130 points into unknown readable memory: 0x000001ba616a8980 | 80 89 6a 61 ba 01 00 00
R12=0x00007ff995b53d40 glass.dll
R13=0x00007ff98bef49d0 jvm.dll
R14=0x0000f1db2da0da2e is an unknown value
R15=0x000001ba616a8980 points into unknown readable memory: 0x4e16f1db325ebf43 | 43 bf 5e 32 db f1 16 4e


Registers:
RAX=0x0000000000000000, RBX=0x000001ba60082568, RCX=0x000001ba60076540, RDX=0x0000009f2f9ff1a0
RSP=0x0000009f2f9ff1a0, RBP=0x000001ba616a89a8, RSI=0x0000009f2f9ff2a8, RDI=0x000001ba616a8980
R8 =0x0000000000010002, R9 =0x000001ba616a8980, R10=0x85f13e9656da4870, R11=0x0000009f2f9ff130
R12=0x00007ff995b53d40, R13=0x00007ff98bef49d0, R14=0x0000f1db2da0da2e, R15=0x000001ba616a8980
RIP=0x00007ff995b56407, EFLAGS=0x0000000000010202

Top of Stack: (sp=0x0000009f2f9ff1a0)
0x0000009f2f9ff1a0:   0000000000000000 0000009f2f9ff2a8
0x0000009f2f9ff1b0:   00007ff98bef49d0 00007ff995b53d40
0x0000009f2f9ff1c0:   000001ba616a8988 00007ff9cd723a83
0x0000009f2f9ff1d0:   000001ba616a8980 000001ba00000000
0x0000009f2f9ff1e0:   000001ba616a89a8 0000009f2f9ff2a8
0x0000009f2f9ff1f0:   fffffffffffffffe 0000000000000000
0x0000009f2f9ff200:   0000000000000001 00007ff995b30000
0x0000009f2f9ff210:   0000009f2f9ff298 00007ff9cd6f006e
0x0000009f2f9ff220:   0000000000000000 0000009f2f9ff2a8
0x0000009f2f9ff230:   0000009f2f9ff590 0000000000000001
0x0000009f2f9ff240:   0000000000000001 00007ff9cd6eda1d
0x0000009f2f9ff250:   0000000000000000 00007ff995b53539
0x0000009f2f9ff260:   00007ff9c88c5ed0 0000009f2f9ff298
0x0000009f2f9ff270:   fffffffffffffffe 0000009f2f9ff260
0x0000009f2f9ff280:   0000000000000000 00007ff995b53bcd
0x0000009f2f9ff290:   00007ff995b69f88 00007ff900000002 

Instructions: (pc=0x00007ff995b56407)
0x00007ff995b56307:   8b 4d 58 e8 7d cf ff ff 48 8b 4d 60 e8 74 cf ff
0x00007ff995b56317:   ff 48 8b 95 80 00 00 00 48 8b 8d 18 01 00 00 e8
0x00007ff995b56327:   66 c4 ff ff 33 d2 33 c9 e8 bc e1 ff ff 90 48 89
0x00007ff995b56337:   54 24 10 55 48 83 ec 20 48 8b ea 48 b8 00 00 00
0x00007ff995b56347:   00 00 00 00 00 48 83 c4 20 5d c3 cc 40 55 48 8b
0x00007ff995b56357:   ea 48 8b 01 33 c9 81 38 05 00 00 c0 0f 94 c1 8b
0x00007ff995b56367:   c1 5d c3 cc 40 55 48 83 ec 20 48 8b ea 8a 4d 40
0x00007ff995b56377:   48 83 c4 20 5d e9 63 d3 ff ff cc 40 55 48 83 ec
0x00007ff995b56387:   20 48 8b ea 8a 4d 20 e8 51 d3 ff ff 90 48 83 c4
0x00007ff995b56397:   20 5d c3 cc 40 55 48 83 ec 20 48 8b ea 48 83 c4
0x00007ff995b563a7:   20 5d e9 b2 d1 ff ff cc 40 55 48 83 ec 30 48 8b
0x00007ff995b563b7:   ea 48 8b 01 8b 10 48 89 4c 24 28 89 54 24 20 4c
0x00007ff995b563c7:   8d 0d 53 d6 ff ff 4c 8b 45 70 8b 55 68 48 8b 4d
0x00007ff995b563d7:   60 e8 f3 d0 ff ff 90 48 83 c4 30 5d c3 cc cc cc
0x00007ff995b563e7:   cc cc cc cc cc cc cc cc cc 40 53 48 83 ec 20 48
0x00007ff995b563f7:   8b 1d 8b 35 01 00 48 85 db 74 16 e8 79 8b ff ff
0x00007ff995b56407:   4c 8b 00 48 8b d3 48 8b c8 41 ff 90 b0 00 00 00
0x00007ff995b56417:   90 48 83 c4 20 5b c3 cc cc 40 53 48 83 ec 20 48
0x00007ff995b56427:   8b 1d fb 36 01 00 48 85 db 74 57 b8 ff ff ff ff
0x00007ff995b56437:   f0 0f c1 43 10 83 f8 01 75 3d 48 85 db 74 38 48
0x00007ff995b56447:   8b 0b 48 85 c9 74 0d ff 15 54 0e 00 00 48 c7 03
0x00007ff995b56457:   00 00 00 00 48 8b 4b 08 48 85 c9 74 0d e8 23 ce
0x00007ff995b56467:   ff ff 48 c7 43 08 00 00 00 00 ba 18 00 00 00 48
0x00007ff995b56477:   8b cb e8 0e ce ff ff 48 c7 05 9f 36 01 00 00 00
0x00007ff995b56487:   00 00 48 83 c4 20 5b c3 cc 40 53 48 83 ec 20 48
0x00007ff995b56497:   8b 1d 6b 36 01 00 48 85 db 74 57 b8 ff ff ff ff
0x00007ff995b564a7:   f0 0f c1 43 10 83 f8 01 75 3d 48 85 db 74 38 48
0x00007ff995b564b7:   8b 0b 48 85 c9 74 0d ff 15 e4 0d 00 00 48 c7 03
0x00007ff995b564c7:   00 00 00 00 48 8b 4b 08 48 85 c9 74 0d e8 b3 cd
0x00007ff995b564d7:   ff ff 48 c7 43 08 00 00 00 00 ba 18 00 00 00 48
0x00007ff995b564e7:   8b cb e8 9e cd ff ff 48 c7 05 0f 36 01 00 00 00
0x00007ff995b564f7:   00 00 48 83 c4 20 5b c3 cc 40 53 48 83 ec 20 48 


Stack slot to memory mapping:
stack at sp + 0 slots: 0x0 is NULL
stack at sp + 1 slots: 0x0000009f2f9ff2a8 points into unknown readable memory: 0x0000009f2f9ff290 | 90 f2 9f 2f 9f 00 00 00
stack at sp + 2 slots: 0x00007ff98bef49d0 jvm.dll
stack at sp + 3 slots: 0x00007ff995b53d40 glass.dll
stack at sp + 4 slots: 0x000001ba616a8988 points into unknown readable memory: 0x0000f1db2da0da2e | 2e da a0 2d db f1 00 00
stack at sp + 5 slots: 0x00007ff9cd723a83 ucrtbase.dll
stack at sp + 6 slots: 0x000001ba616a8980 points into unknown readable memory: 0x4e16f1db325ebf43 | 43 bf 5e 32 db f1 16 4e
stack at sp + 7 slots: 0x000001ba00000000 is an unknown value

VM_Operation (0x0000009f2f2ff3a0): Exit, mode: safepoint, requested by thread 0x000001ba603124f0


---------------  P R O C E S S  ---------------

Threads class SMR info:
_java_thread_list=0x000001ba66cc2bd0, length=21, elements={
0x000001ba3d62e0e0, 0x000001ba6007b040, 0x000001ba6007bcb0, 0x000001ba6008c490,
0x000001ba6008ee50, 0x000001ba6008f800, 0x000001ba600911c0, 0x000001ba60094ca0,
0x000001ba60095b50, 0x000001ba600d5e60, 0x000001ba60322c20, 0x000001ba613cc370,
0x000001ba6038ebd0, 0x000001ba6172e680, 0x000001ba61770130, 0x000001ba6176c250,
0x000001ba6612c720, 0x000001ba6610dc20, 0x000001ba66486770, 0x000001ba61691550,
0x000001ba603124f0
}

Java Threads: ( => current thread )
  0x000001ba3d62e0e0 JavaThread "main" [_thread_blocked, id=4008, stack(0x0000009f2f300000,0x0000009f2f400000)]
  0x000001ba6007b040 JavaThread "Reference Handler" daemon [_thread_blocked, id=9732, stack(0x0000009f2fa00000,0x0000009f2fb00000)]
  0x000001ba6007bcb0 JavaThread "Finalizer" daemon [_thread_blocked, id=14572, stack(0x0000009f2fb00000,0x0000009f2fc00000)]
  0x000001ba6008c490 JavaThread "Signal Dispatcher" daemon [_thread_blocked, id=3336, stack(0x0000009f2fc00000,0x0000009f2fd00000)]
  0x000001ba6008ee50 JavaThread "Attach Listener" daemon [_thread_blocked, id=10968, stack(0x0000009f2fd00000,0x0000009f2fe00000)]
  0x000001ba6008f800 JavaThread "Service Thread" daemon [_thread_blocked, id=10448, stack(0x0000009f2fe00000,0x0000009f2ff00000)]
  0x000001ba600911c0 JavaThread "Monitor Deflation Thread" daemon [_thread_blocked, id=780, stack(0x0000009f2ff00000,0x0000009f30000000)]
  0x000001ba60094ca0 JavaThread "C2 CompilerThread0" daemon [_thread_blocked, id=12624, stack(0x0000009f30000000,0x0000009f30100000)]
  0x000001ba60095b50 JavaThread "C1 CompilerThread0" daemon [_thread_blocked, id=15852, stack(0x0000009f30100000,0x0000009f30200000)]
  0x000001ba600d5e60 JavaThread "Sweeper thread" daemon [_thread_blocked, id=12792, stack(0x0000009f30200000,0x0000009f30300000)]
  0x000001ba60322c20 JavaThread "Common-Cleaner" daemon [_thread_blocked, id=13272, stack(0x0000009f30300000,0x0000009f30400000)]
  0x000001ba613cc370 JavaThread "Monitor Ctrl-Break" daemon [_thread_in_native, id=5800, stack(0x0000009f30600000,0x0000009f30700000)]
  0x000001ba6038ebd0 JavaThread "Notification Thread" daemon [_thread_blocked, id=10808, stack(0x0000009f30700000,0x0000009f30800000)]
  0x000001ba6172e680 JavaThread "QuantumRenderer-0" daemon [_thread_blocked, id=13724, stack(0x0000009f30900000,0x0000009f30a00000)]
  0x000001ba61770130 JavaThread "InvokeLaterDispatcher" daemon [_thread_blocked, id=3956, stack(0x0000009f30c00000,0x0000009f30d00000)]
  0x000001ba6176c250 JavaThread "JavaFX Application Thread" [_thread_in_native, id=9208, stack(0x0000009f30d00000,0x0000009f30e00000)]
  0x000001ba6612c720 JavaThread "Thread-1" daemon [_thread_in_native, id=12876, stack(0x0000009f31400000,0x0000009f31500000)]
  0x000001ba6610dc20 JavaThread "JavaFX-Launcher" [_thread_blocked, id=13472, stack(0x0000009f31500000,0x0000009f31600000)]
  0x000001ba66486770 JavaThread "Prism Font Disposer" daemon [_thread_blocked, id=12844, stack(0x0000009f31c00000,0x0000009f31d00000)]
  0x000001ba61691550 JavaThread "Cleaner-0" daemon [_thread_blocked, id=12664, stack(0x0000009f30500000,0x0000009f30600000)]
  0x000001ba603124f0 JavaThread "SIGINT handler" daemon [_thread_blocked, id=14364, stack(0x0000009f2f200000,0x0000009f2f300000)]

Other Threads:
=>0x000001ba60076540 VMThread "VM Thread" [stack: 0x0000009f2f900000,0x0000009f2fa00000] [id=11372]
  0x000001ba3d67c390 GCTaskThread "GC Thread#0" [stack: 0x0000009f2f400000,0x0000009f2f500000] [id=12044]
  0x000001ba61776f70 GCTaskThread "GC Thread#1" [stack: 0x0000009f31600000,0x0000009f31700000] [id=5104]
  0x000001ba61777220 GCTaskThread "GC Thread#2" [stack: 0x0000009f31700000,0x0000009f31800000] [id=15736]
  0x000001ba617774d0 GCTaskThread "GC Thread#3" [stack: 0x0000009f31800000,0x0000009f31900000] [id=14556]
  0x000001ba61777780 GCTaskThread "GC Thread#4" [stack: 0x0000009f31900000,0x0000009f31a00000] [id=7040]
  0x000001ba61777a30 GCTaskThread "GC Thread#5" [stack: 0x0000009f31a00000,0x0000009f31b00000] [id=11444]
  0x000001ba60316380 GCTaskThread "GC Thread#6" [stack: 0x0000009f31e00000,0x0000009f31f00000] [id=15780]
  0x000001ba60316630 GCTaskThread "GC Thread#7" [stack: 0x0000009f31f00000,0x0000009f32000000] [id=13696]
  0x000001ba3d68c0d0 ConcurrentGCThread "G1 Main Marker" terminated
  0x000001ba3d68d180 ConcurrentGCThread "G1 Conc#0" [stack: 0x0000009f2f600000,0x0000009f2f700000] [id=13644]
  0x000001ba3d6c7900 ConcurrentGCThread "G1 Refine#0" terminated
  0x000001ba665854a0 ConcurrentGCThread "G1 Refine#1" terminated
  0x000001ba66546b20 ConcurrentGCThread "G1 Refine#2" terminated
  0x000001ba66573a90 ConcurrentGCThread "G1 Refine#3" terminated
  0x000001ba5ffb7980 ConcurrentGCThread "G1 Service" terminated

Threads with active compile tasks:

VM state: at safepoint (shutting down)

VM Mutex/Monitor currently owned by a thread:  ([mutex/lock_event])
[0x000001ba3d62ae60] Threads_lock - owner thread: 0x000001ba60076540
[0x000001ba3d62add0] Heap_lock - owner thread: 0x000001ba603124f0

Heap address: 0x0000000711000000, size: 3824 MB, Compressed Oops mode: Zero based, Oop shift amount: 3

CDS archive(s) mapped at: [0x0000000800000000-0x0000000800bc0000-0x0000000800bc0000), size 12320768, SharedBaseAddress: 0x0000000800000000, ArchiveRelocationMode: 0.
Compressed class space mapped at: 0x0000000800c00000-0x0000000840c00000, reserved size: 1073741824
Narrow klass base: 0x0000000800000000, Narrow klass shift: 0, Narrow klass range: 0x100000000

GC Precious Log:
 CPUs: 8 total, 8 available
 Memory: 15295M
 Large Page Support: Disabled
 NUMA Support: Disabled
 Compressed Oops: Enabled (Zero based)
 Heap Region Size: 2M
 Heap Min Capacity: 8M
 Heap Initial Capacity: 240M
 Heap Max Capacity: 3824M
 Pre-touch: Disabled
 Parallel Workers: 8
 Concurrent Workers: 2
 Concurrent Refinement Workers: 8
 Periodic GC: Disabled

Heap:
 garbage-first heap   total 245760K, used 112767K [0x0000000711000000, 0x0000000800000000)
  region size 2048K, 8 young (16384K), 3 survivors (6144K)
 Metaspace       used 15375K, committed 15616K, reserved 1064960K
  class space    used 2100K, committed 2240K, reserved 1048576K

Heap Regions: E=young(eden), S=young(survivor), O=old, HS=humongous(starts), HC=humongous(continues), CS=collection set, F=free, OA=open archive, CA=closed archive, TAMS=top-at-mark-start (previous, next)
|   0|0x0000000711000000, 0x0000000711200000, 0x0000000711200000|100%|HS|  |TAMS 0x0000000711000000, 0x0000000711000000| Complete 
|   1|0x0000000711200000, 0x0000000711400000, 0x0000000711400000|100%|HC|  |TAMS 0x0000000711200000, 0x0000000711200000| Complete 
|   2|0x0000000711400000, 0x0000000711600000, 0x0000000711600000|100%|HC|  |TAMS 0x0000000711400000, 0x0000000711400000| Complete 
|   3|0x0000000711600000, 0x0000000711600000, 0x0000000711800000|  0%| F|  |TAMS 0x0000000711600000, 0x0000000711600000| Untracked 
|   4|0x0000000711800000, 0x0000000711a00000, 0x0000000711a00000|100%|HS|  |TAMS 0x0000000711800000, 0x0000000711800000| Complete 
|   5|0x0000000711a00000, 0x0000000711c00000, 0x0000000711c00000|100%|HC|  |TAMS 0x0000000711a00000, 0x0000000711a00000| Complete 
|   6|0x0000000711c00000, 0x0000000711e00000, 0x0000000711e00000|100%|HC|  |TAMS 0x0000000711c00000, 0x0000000711c00000| Complete 
|   7|0x0000000711e00000, 0x0000000712000000, 0x0000000712000000|100%|HC|  |TAMS 0x0000000711e00000, 0x0000000711e00000| Complete 
|   8|0x0000000712000000, 0x0000000712200000, 0x0000000712200000|100%|HS|  |TAMS 0x0000000712000000, 0x0000000712000000| Complete 
|   9|0x0000000712200000, 0x0000000712400000, 0x0000000712400000|100%|HS|  |TAMS 0x0000000712200000, 0x0000000712200000| Complete 
|  10|0x0000000712400000, 0x0000000712600000, 0x0000000712600000|100%|HC|  |TAMS 0x0000000712400000, 0x0000000712400000| Complete 
|  11|0x0000000712600000, 0x0000000712800000, 0x0000000712800000|100%|HC|  |TAMS 0x0000000712600000, 0x0000000712600000| Complete 
|  12|0x0000000712800000, 0x0000000712a00000, 0x0000000712a00000|100%|HC|  |TAMS 0x0000000712800000, 0x0000000712800000| Complete 
|  13|0x0000000712a00000, 0x0000000712c00000, 0x0000000712c00000|100%|HC|  |TAMS 0x0000000712a00000, 0x0000000712a00000| Complete 
|  14|0x0000000712c00000, 0x0000000712e00000, 0x0000000712e00000|100%|HS|  |TAMS 0x0000000712c00000, 0x0000000712c00000| Complete 
|  15|0x0000000712e00000, 0x0000000713000000, 0x0000000713000000|100%|HC|  |TAMS 0x0000000712e00000, 0x0000000712e00000| Complete 
|  16|0x0000000713000000, 0x0000000713200000, 0x0000000713200000|100%|HC|  |TAMS 0x0000000713000000, 0x0000000713000000| Complete 
|  17|0x0000000713200000, 0x0000000713400000, 0x0000000713400000|100%|HC|  |TAMS 0x0000000713200000, 0x0000000713200000| Complete 
|  18|0x0000000713400000, 0x0000000713600000, 0x0000000713600000|100%|HC|  |TAMS 0x0000000713400000, 0x0000000713400000| Complete 
|  19|0x0000000713600000, 0x0000000713800000, 0x0000000713800000|100%|HC|  |TAMS 0x0000000713600000, 0x0000000713600000| Complete 
|  20|0x0000000713800000, 0x0000000713a00000, 0x0000000713a00000|100%|HS|  |TAMS 0x0000000713800000, 0x0000000713800000| Complete 
|  21|0x0000000713a00000, 0x0000000713c00000, 0x0000000713c00000|100%|HC|  |TAMS 0x0000000713a00000, 0x0000000713a00000| Complete 
|  22|0x0000000713c00000, 0x0000000713e00000, 0x0000000713e00000|100%|HC|  |TAMS 0x0000000713c00000, 0x0000000713c00000| Complete 
|  23|0x0000000713e00000, 0x0000000714000000, 0x0000000714000000|100%|HC|  |TAMS 0x0000000713e00000, 0x0000000713e00000| Complete 
|  24|0x0000000714000000, 0x0000000714200000, 0x0000000714200000|100%|HC|  |TAMS 0x0000000714000000, 0x0000000714000000| Complete 
|  25|0x0000000714200000, 0x0000000714400000, 0x0000000714400000|100%|HS|  |TAMS 0x0000000714200000, 0x0000000714200000| Complete 
|  26|0x0000000714400000, 0x0000000714600000, 0x0000000714600000|100%|HC|  |TAMS 0x0000000714400000, 0x0000000714400000| Complete 
|  27|0x0000000714600000, 0x0000000714800000, 0x0000000714800000|100%|HC|  |TAMS 0x0000000714600000, 0x0000000714600000| Complete 
|  28|0x0000000714800000, 0x0000000714a00000, 0x0000000714a00000|100%|HC|  |TAMS 0x0000000714800000, 0x0000000714800000| Complete 
|  29|0x0000000714a00000, 0x0000000714c00000, 0x0000000714c00000|100%|HC|  |TAMS 0x0000000714a00000, 0x0000000714a00000| Complete 
|  30|0x0000000714c00000, 0x0000000714e00000, 0x0000000714e00000|100%|HS|  |TAMS 0x0000000714c00000, 0x0000000714c00000| Complete 
|  31|0x0000000714e00000, 0x0000000715000000, 0x0000000715000000|100%|HC|  |TAMS 0x0000000714e00000, 0x0000000714e00000| Complete 
|  32|0x0000000715000000, 0x0000000715200000, 0x0000000715200000|100%|HS|  |TAMS 0x0000000715000000, 0x0000000715000000| Complete 
|  33|0x0000000715200000, 0x0000000715400000, 0x0000000715400000|100%|HC|  |TAMS 0x0000000715200000, 0x0000000715200000| Complete 
|  34|0x0000000715400000, 0x0000000715600000, 0x0000000715600000|100%|HS|  |TAMS 0x0000000715400000, 0x0000000715400000| Complete 
|  35|0x0000000715600000, 0x0000000715800000, 0x0000000715800000|100%|HC|  |TAMS 0x0000000715600000, 0x0000000715600000| Complete 
|  36|0x0000000715800000, 0x0000000715a00000, 0x0000000715a00000|100%|HS|  |TAMS 0x0000000715800000, 0x0000000715800000| Complete 
|  37|0x0000000715a00000, 0x0000000715c00000, 0x0000000715c00000|100%|HC|  |TAMS 0x0000000715a00000, 0x0000000715a00000| Complete 
|  38|0x0000000715c00000, 0x0000000715e00000, 0x0000000715e00000|100%| O|  |TAMS 0x0000000715c00000, 0x0000000715c00000| Untracked 
|  39|0x0000000715e00000, 0x0000000715e1fc00, 0x0000000716000000|  6%| O|  |TAMS 0x0000000715e00000, 0x0000000715e00000| Untracked 
|  40|0x0000000716000000, 0x0000000716200000, 0x0000000716200000|100%|HS|  |TAMS 0x0000000716000000, 0x0000000716000000| Complete 
|  41|0x0000000716200000, 0x0000000716400000, 0x0000000716400000|100%|HC|  |TAMS 0x0000000716200000, 0x0000000716200000| Complete 
|  42|0x0000000716400000, 0x0000000716600000, 0x0000000716600000|100%|HC|  |TAMS 0x0000000716400000, 0x0000000716400000| Complete 
|  43|0x0000000716600000, 0x0000000716800000, 0x0000000716800000|100%|HS|  |TAMS 0x0000000716600000, 0x0000000716600000| Complete 
|  44|0x0000000716800000, 0x0000000716a00000, 0x0000000716a00000|100%|HC|  |TAMS 0x0000000716800000, 0x0000000716800000| Complete 
|  45|0x0000000716a00000, 0x0000000716c00000, 0x0000000716c00000|100%|HC|  |TAMS 0x0000000716a00000, 0x0000000716a00000| Complete 
|  46|0x0000000716c00000, 0x0000000716e00000, 0x0000000716e00000|100%|HC|  |TAMS 0x0000000716c00000, 0x0000000716c00000| Complete 
|  47|0x0000000716e00000, 0x0000000717000000, 0x0000000717000000|100%|HC|  |TAMS 0x0000000716e00000, 0x0000000716e00000| Complete 
|  48|0x0000000717000000, 0x0000000717200000, 0x0000000717200000|100%|HC|  |TAMS 0x0000000717000000, 0x0000000717000000| Complete 
|  49|0x0000000717200000, 0x0000000717400000, 0x0000000717400000|100%|HC|  |TAMS 0x0000000717200000, 0x0000000717200000| Complete 
|  50|0x0000000717400000, 0x0000000717400000, 0x0000000717600000|  0%| F|  |TAMS 0x0000000717400000, 0x0000000717400000| Untracked 
|  51|0x0000000717600000, 0x0000000717600000, 0x0000000717800000|  0%| F|  |TAMS 0x0000000717600000, 0x0000000717600000| Untracked 
|  52|0x0000000717800000, 0x0000000717800000, 0x0000000717a00000|  0%| F|  |TAMS 0x0000000717800000, 0x0000000717800000| Untracked 
|  53|0x0000000717a00000, 0x0000000717a00000, 0x0000000717c00000|  0%| F|  |TAMS 0x0000000717a00000, 0x0000000717a00000| Untracked 
|  54|0x0000000717c00000, 0x0000000717c00000, 0x0000000717e00000|  0%| F|  |TAMS 0x0000000717c00000, 0x0000000717c00000| Untracked 
|  55|0x0000000717e00000, 0x0000000717e00000, 0x0000000718000000|  0%| F|  |TAMS 0x0000000717e00000, 0x0000000717e00000| Untracked 
|  56|0x0000000718000000, 0x0000000718000000, 0x0000000718200000|  0%| F|  |TAMS 0x0000000718000000, 0x0000000718000000| Untracked 
|  57|0x0000000718200000, 0x0000000718200000, 0x0000000718400000|  0%| F|  |TAMS 0x0000000718200000, 0x0000000718200000| Untracked 
|  58|0x0000000718400000, 0x0000000718400000, 0x0000000718600000|  0%| F|  |TAMS 0x0000000718400000, 0x0000000718400000| Untracked 
|  59|0x0000000718600000, 0x0000000718600000, 0x0000000718800000|  0%| F|  |TAMS 0x0000000718600000, 0x0000000718600000| Untracked 
|  60|0x0000000718800000, 0x0000000718800000, 0x0000000718a00000|  0%| F|  |TAMS 0x0000000718800000, 0x0000000718800000| Untracked 
|  61|0x0000000718a00000, 0x0000000718a00000, 0x0000000718c00000|  0%| F|  |TAMS 0x0000000718a00000, 0x0000000718a00000| Untracked 
|  62|0x0000000718c00000, 0x0000000718c00000, 0x0000000718e00000|  0%| F|  |TAMS 0x0000000718c00000, 0x0000000718c00000| Untracked 
|  63|0x0000000718e00000, 0x0000000718e00000, 0x0000000719000000|  0%| F|  |TAMS 0x0000000718e00000, 0x0000000718e00000| Untracked 
|  64|0x0000000719000000, 0x0000000719000000, 0x0000000719200000|  0%| F|  |TAMS 0x0000000719000000, 0x0000000719000000| Untracked 
|  65|0x0000000719200000, 0x0000000719200000, 0x0000000719400000|  0%| F|  |TAMS 0x0000000719200000, 0x0000000719200000| Untracked 
|  66|0x0000000719400000, 0x0000000719400000, 0x0000000719600000|  0%| F|  |TAMS 0x0000000719400000, 0x0000000719400000| Untracked 
|  67|0x0000000719600000, 0x0000000719600000, 0x0000000719800000|  0%| F|  |TAMS 0x0000000719600000, 0x0000000719600000| Untracked 
|  68|0x0000000719800000, 0x0000000719800000, 0x0000000719a00000|  0%| F|  |TAMS 0x0000000719800000, 0x0000000719800000| Untracked 
|  69|0x0000000719a00000, 0x0000000719a00000, 0x0000000719c00000|  0%| F|  |TAMS 0x0000000719a00000, 0x0000000719a00000| Untracked 
|  70|0x0000000719c00000, 0x0000000719c00000, 0x0000000719e00000|  0%| F|  |TAMS 0x0000000719c00000, 0x0000000719c00000| Untracked 
|  71|0x0000000719e00000, 0x0000000719e00000, 0x000000071a000000|  0%| F|  |TAMS 0x0000000719e00000, 0x0000000719e00000| Untracked 
|  72|0x000000071a000000, 0x000000071a000000, 0x000000071a200000|  0%| F|  |TAMS 0x000000071a000000, 0x000000071a000000| Untracked 
|  73|0x000000071a200000, 0x000000071a200000, 0x000000071a400000|  0%| F|  |TAMS 0x000000071a200000, 0x000000071a200000| Untracked 
|  74|0x000000071a400000, 0x000000071a400000, 0x000000071a600000|  0%| F|  |TAMS 0x000000071a400000, 0x000000071a400000| Untracked 
|  75|0x000000071a600000, 0x000000071a600000, 0x000000071a800000|  0%| F|  |TAMS 0x000000071a600000, 0x000000071a600000| Untracked 
|  76|0x000000071a800000, 0x000000071a800000, 0x000000071aa00000|  0%| F|  |TAMS 0x000000071a800000, 0x000000071a800000| Untracked 
|  77|0x000000071aa00000, 0x000000071aa00000, 0x000000071ac00000|  0%| F|  |TAMS 0x000000071aa00000, 0x000000071aa00000| Untracked 
|  78|0x000000071ac00000, 0x000000071ac00000, 0x000000071ae00000|  0%| F|  |TAMS 0x000000071ac00000, 0x000000071ac00000| Untracked 
|  79|0x000000071ae00000, 0x000000071ae00000, 0x000000071b000000|  0%| F|  |TAMS 0x000000071ae00000, 0x000000071ae00000| Untracked 
|  80|0x000000071b000000, 0x000000071b000000, 0x000000071b200000|  0%| F|  |TAMS 0x000000071b000000, 0x000000071b000000| Untracked 
|  81|0x000000071b200000, 0x000000071b200000, 0x000000071b400000|  0%| F|  |TAMS 0x000000071b200000, 0x000000071b200000| Untracked 
|  82|0x000000071b400000, 0x000000071b400000, 0x000000071b600000|  0%| F|  |TAMS 0x000000071b400000, 0x000000071b400000| Untracked 
|  83|0x000000071b600000, 0x000000071b600000, 0x000000071b800000|  0%| F|  |TAMS 0x000000071b600000, 0x000000071b600000| Untracked 
|  84|0x000000071b800000, 0x000000071b800000, 0x000000071ba00000|  0%| F|  |TAMS 0x000000071b800000, 0x000000071b800000| Untracked 
|  85|0x000000071ba00000, 0x000000071ba00000, 0x000000071bc00000|  0%| F|  |TAMS 0x000000071ba00000, 0x000000071ba00000| Untracked 
|  86|0x000000071bc00000, 0x000000071bc00000, 0x000000071be00000|  0%| F|  |TAMS 0x000000071bc00000, 0x000000071bc00000| Untracked 
|  87|0x000000071be00000, 0x000000071be00000, 0x000000071c000000|  0%| F|  |TAMS 0x000000071be00000, 0x000000071be00000| Untracked 
|  88|0x000000071c000000, 0x000000071c000000, 0x000000071c200000|  0%| F|  |TAMS 0x000000071c000000, 0x000000071c000000| Untracked 
|  89|0x000000071c200000, 0x000000071c200000, 0x000000071c400000|  0%| F|  |TAMS 0x000000071c200000, 0x000000071c200000| Untracked 
|  90|0x000000071c400000, 0x000000071c400000, 0x000000071c600000|  0%| F|  |TAMS 0x000000071c400000, 0x000000071c400000| Untracked 
|  91|0x000000071c600000, 0x000000071c600000, 0x000000071c800000|  0%| F|  |TAMS 0x000000071c600000, 0x000000071c600000| Untracked 
|  92|0x000000071c800000, 0x000000071c800000, 0x000000071ca00000|  0%| F|  |TAMS 0x000000071c800000, 0x000000071c800000| Untracked 
|  93|0x000000071ca00000, 0x000000071ca00000, 0x000000071cc00000|  0%| F|  |TAMS 0x000000071ca00000, 0x000000071ca00000| Untracked 
|  94|0x000000071cc00000, 0x000000071cc00000, 0x000000071ce00000|  0%| F|  |TAMS 0x000000071cc00000, 0x000000071cc00000| Untracked 
|  95|0x000000071ce00000, 0x000000071ce00000, 0x000000071d000000|  0%| F|  |TAMS 0x000000071ce00000, 0x000000071ce00000| Untracked 
|  96|0x000000071d000000, 0x000000071d000000, 0x000000071d200000|  0%| F|  |TAMS 0x000000071d000000, 0x000000071d000000| Untracked 
|  97|0x000000071d200000, 0x000000071d400000, 0x000000071d400000|100%| S|CS|TAMS 0x000000071d200000, 0x000000071d200000| Complete 
|  98|0x000000071d400000, 0x000000071d600000, 0x000000071d600000|100%| S|CS|TAMS 0x000000071d400000, 0x000000071d400000| Complete 
|  99|0x000000071d600000, 0x000000071d800000, 0x000000071d800000|100%| S|CS|TAMS 0x000000071d600000, 0x000000071d600000| Complete 
| 100|0x000000071d800000, 0x000000071d800000, 0x000000071da00000|  0%| F|  |TAMS 0x000000071d800000, 0x000000071d800000| Untracked 
| 101|0x000000071da00000, 0x000000071da00000, 0x000000071dc00000|  0%| F|  |TAMS 0x000000071da00000, 0x000000071da00000| Untracked 
| 102|0x000000071dc00000, 0x000000071dc00000, 0x000000071de00000|  0%| F|  |TAMS 0x000000071dc00000, 0x000000071dc00000| Untracked 
| 103|0x000000071de00000, 0x000000071de00000, 0x000000071e000000|  0%| F|  |TAMS 0x000000071de00000, 0x000000071de00000| Untracked 
| 104|0x000000071e000000, 0x000000071e000000, 0x000000071e200000|  0%| F|  |TAMS 0x000000071e000000, 0x000000071e000000| Untracked 
| 105|0x000000071e200000, 0x000000071e200000, 0x000000071e400000|  0%| F|  |TAMS 0x000000071e200000, 0x000000071e200000| Untracked 
| 106|0x000000071e400000, 0x000000071e400000, 0x000000071e600000|  0%| F|  |TAMS 0x000000071e400000, 0x000000071e400000| Untracked 
| 107|0x000000071e600000, 0x000000071e600000, 0x000000071e800000|  0%| F|  |TAMS 0x000000071e600000, 0x000000071e600000| Untracked 
| 108|0x000000071e800000, 0x000000071e800000, 0x000000071ea00000|  0%| F|  |TAMS 0x000000071e800000, 0x000000071e800000| Untracked 
| 109|0x000000071ea00000, 0x000000071ea00000, 0x000000071ec00000|  0%| F|  |TAMS 0x000000071ea00000, 0x000000071ea00000| Untracked 
| 110|0x000000071ec00000, 0x000000071ec00000, 0x000000071ee00000|  0%| F|  |TAMS 0x000000071ec00000, 0x000000071ec00000| Untracked 
| 111|0x000000071ee00000, 0x000000071ee00000, 0x000000071f000000|  0%| F|  |TAMS 0x000000071ee00000, 0x000000071ee00000| Untracked 
| 112|0x000000071f000000, 0x000000071f000000, 0x000000071f200000|  0%| F|  |TAMS 0x000000071f000000, 0x000000071f000000| Untracked 
| 113|0x000000071f200000, 0x000000071f200000, 0x000000071f400000|  0%| F|  |TAMS 0x000000071f200000, 0x000000071f200000| Untracked 
| 114|0x000000071f400000, 0x000000071f400000, 0x000000071f600000|  0%| F|  |TAMS 0x000000071f400000, 0x000000071f400000| Untracked 
| 115|0x000000071f600000, 0x000000071f700850, 0x000000071f800000| 50%| E|  |TAMS 0x000000071f600000, 0x000000071f600000| Complete 
| 116|0x000000071f800000, 0x000000071fa00000, 0x000000071fa00000|100%| E|CS|TAMS 0x000000071f800000, 0x000000071f800000| Complete 
| 117|0x000000071fa00000, 0x000000071fc00000, 0x000000071fc00000|100%| E|CS|TAMS 0x000000071fa00000, 0x000000071fa00000| Complete 
| 118|0x000000071fc00000, 0x000000071fe00000, 0x000000071fe00000|100%| E|CS|TAMS 0x000000071fc00000, 0x000000071fc00000| Complete 
| 119|0x000000071fe00000, 0x0000000720000000, 0x0000000720000000|100%| E|CS|TAMS 0x000000071fe00000, 0x000000071fe00000| Complete 

Card table byte_map: [0x000001ba55070000,0x000001ba557f0000] _byte_map_base: 0x000001ba517e8000

Marking Bits (Prev, Next): (CMBitMap*) 0x000001ba3d67c8a0, (CMBitMap*) 0x000001ba3d67c8e0
 Prev Bits: [0x000001ba55f70000, 0x000001ba59b30000)
 Next Bits: [0x000001ba59b30000, 0x000001ba5d6f0000)

Polling page: 0x000001ba3d6d0000

Metaspace:

Usage:
  Non-class:     12.96 MB used.
      Class:      2.05 MB used.
       Both:     15.01 MB used.

Virtual space:
  Non-class space:       16.00 MB reserved,      13.06 MB ( 82%) committed,  2 nodes.
      Class space:        1.00 GB reserved,       2.19 MB ( <1%) committed,  1 nodes.
             Both:        1.02 GB reserved,      15.25 MB (  1%) committed. 

Chunk freelists:
   Non-Class:  2.16 MB
       Class:  1.80 MB
        Both:  3.95 MB

MaxMetaspaceSize: unlimited
CompressedClassSpaceSize: 1.00 GB
Initial GC threshold: 21.00 MB
Current GC threshold: 21.00 MB
CDS: on
MetaspaceReclaimPolicy: balanced
 - commit_granule_bytes: 65536.
 - commit_granule_words: 8192.
 - virtual_space_node_default_size: 1048576.
 - enlarge_chunks_in_place: 1.
 - new_chunks_are_fully_committed: 0.
 - uncommit_free_chunks: 1.
 - use_allocation_guard: 0.
 - handle_deallocations: 1.


Internal statistics:

num_allocs_failed_limit: 0.
num_arena_births: 210.
num_arena_deaths: 0.
num_vsnodes_births: 3.
num_vsnodes_deaths: 0.
num_space_committed: 244.
num_space_uncommitted: 0.
num_chunks_returned_to_freelist: 0.
num_chunks_taken_from_freelist: 707.
num_chunk_merges: 0.
num_chunk_splits: 469.
num_chunks_enlarged: 359.
num_purges: 0.
num_inconsistent_stats: 0.

CodeHeap 'non-profiled nmethods': size=120000Kb used=1088Kb max_used=1088Kb free=118911Kb
 bounds [0x000001ba4c960000, 0x000001ba4cbd0000, 0x000001ba53e90000]
CodeHeap 'profiled nmethods': size=120000Kb used=5426Kb max_used=5426Kb free=114573Kb
 bounds [0x000001ba45430000, 0x000001ba45980000, 0x000001ba4c960000]
CodeHeap 'non-nmethods': size=5760Kb used=1436Kb max_used=1467Kb free=4323Kb
 bounds [0x000001ba44e90000, 0x000001ba45100000, 0x000001ba45430000]
 total_blobs=3672 nmethods=2878 adapters=705
 compilation: enabled
              stopped_count=0, restarted_count=0
 full_count=0

Compilation events (20 events):
Event: 432.264 Thread 0x000001ba60095b50 2871       3       javafx.scene.shape.Rectangle$1::doConfigShape (8 bytes)
Event: 432.264 Thread 0x000001ba60095b50 nmethod 2871 0x000001ba45976090 code [0x000001ba45976240, 0x000001ba45976488]
Event: 432.264 Thread 0x000001ba60095b50 2872       3       javafx.scene.shape.Rectangle::doConfigShape (92 bytes)
Event: 432.268 Thread 0x000001ba60095b50 nmethod 2872 0x000001ba45976590 code [0x000001ba45976940, 0x000001ba45978e58]
Event: 432.268 Thread 0x000001ba60095b50 2873       3       com.sun.javafx.geom.RoundRectangle2D::setRoundRect (34 bytes)
Event: 432.268 Thread 0x000001ba60095b50 nmethod 2873 0x000001ba45979790 code [0x000001ba45979920, 0x000001ba45979a58]
Event: 432.268 Thread 0x000001ba60094ca0 2878       4       com.sun.javafx.event.EventDispatchChainImpl::dispatchEvent (101 bytes)
Event: 432.268 Thread 0x000001ba60095b50 2874       3       javafx.scene.shape.Shape::computeShapeContains (159 bytes)
Event: 432.270 Thread 0x000001ba60095b50 nmethod 2874 0x000001ba45979b10 code [0x000001ba45979e00, 0x000001ba4597ac78]
Event: 432.270 Thread 0x000001ba60095b50 2875       3       com.sun.javafx.geom.RoundRectangle2D::contains (189 bytes)
Event: 432.271 Thread 0x000001ba60095b50 nmethod 2875 0x000001ba4597b210 code [0x000001ba4597b440, 0x000001ba4597bdf8]
Event: 432.271 Thread 0x000001ba60095b50 2876       3       com.sun.javafx.geom.RoundRectangle2D::isEmpty (24 bytes)
Event: 432.271 Thread 0x000001ba60095b50 nmethod 2876 0x000001ba4597bf90 code [0x000001ba4597c120, 0x000001ba4597c318]
Event: 432.271 Thread 0x000001ba60095b50 2877       3       javafx.scene.shape.Shape$1::doComputeContains (11 bytes)
Event: 432.271 Thread 0x000001ba60094ca0 nmethod 2878 0x000001ba4ca6f790 code [0x000001ba4ca6f920, 0x000001ba4ca6fad8]
Event: 432.271 Thread 0x000001ba60095b50 nmethod 2877 0x000001ba4597c390 code [0x000001ba4597c540, 0x000001ba4597c788]
Event: 435.230 Thread 0x000001ba60095b50 2879       1       java.lang.invoke.DirectMethodHandle$Special::isInvokeSpecial (2 bytes)
Event: 435.230 Thread 0x000001ba60095b50 nmethod 2879 0x000001ba4ca6fc90 code [0x000001ba4ca6fe20, 0x000001ba4ca6fef8]
Event: 435.230 Thread 0x000001ba60095b50 2880       1       com.sun.prism.d3d.D3DContext::getResourceFactory (5 bytes)
Event: 435.230 Thread 0x000001ba60095b50 nmethod 2880 0x000001ba4ca6ff90 code [0x000001ba4ca70120, 0x000001ba4ca701f8]

GC Heap History (4 events):
Event: 0.920 GC heap before
{Heap before GC invocations=0 (full 0):
 garbage-first heap   total 245760K, used 22528K [0x0000000711000000, 0x0000000800000000)
  region size 2048K, 11 young (22528K), 0 survivors (0K)
 Metaspace       used 5254K, committed 5440K, reserved 1056768K
  class space    used 633K, committed 704K, reserved 1048576K
}
Event: 0.924 GC heap after
{Heap after GC invocations=1 (full 0):
 garbage-first heap   total 245760K, used 2773K [0x0000000711000000, 0x0000000800000000)
  region size 2048K, 2 young (4096K), 2 survivors (4096K)
 Metaspace       used 5254K, committed 5440K, reserved 1056768K
  class space    used 633K, committed 704K, reserved 1048576K
}
Event: 7.005 GC heap before
{Heap before GC invocations=1 (full 0):
 garbage-first heap   total 245760K, used 117461K [0x0000000711000000, 0x0000000800000000)
  region size 2048K, 20 young (40960K), 2 survivors (4096K)
 Metaspace       used 14355K, committed 14592K, reserved 1064960K
  class space    used 2005K, committed 2112K, reserved 1048576K
}
Event: 7.013 GC heap after
{Heap after GC invocations=2 (full 0):
 garbage-first heap   total 245760K, used 84095K [0x0000000711000000, 0x0000000800000000)
  region size 2048K, 3 young (6144K), 3 survivors (6144K)
 Metaspace       used 14355K, committed 14592K, reserved 1064960K
  class space    used 2005K, committed 2112K, reserved 1048576K
}

Deoptimization events (20 events):
Event: 9.848 Thread 0x000001ba6176c250 Uncommon trap: trap_request=0xffffff45 fr.pc=0x000001ba4ca5bbe0 relative=0x00000000000000c0
Event: 9.848 Thread 0x000001ba6176c250 Uncommon trap: reason=unstable_if action=reinterpret pc=0x000001ba4ca5bbe0 method=java.lang.Math.round(D)J @ 48 c2
Event: 9.848 Thread 0x000001ba6176c250 DEOPT PACKING pc=0x000001ba4ca5bbe0 sp=0x0000009f30df86c0
Event: 9.848 Thread 0x000001ba6176c250 DEOPT UNPACKING pc=0x000001ba44ee23a3 sp=0x0000009f30df8610 mode 2
Event: 9.881 Thread 0x000001ba6176c250 Uncommon trap: trap_request=0xffffffde fr.pc=0x000001ba4ca3ff3c relative=0x000000000000025c
Event: 9.881 Thread 0x000001ba6176c250 Uncommon trap: reason=class_check action=maybe_recompile pc=0x000001ba4ca3ff3c method=javafx.scene.Node.updateLocalToParentTransform()V @ 11 c2
Event: 9.881 Thread 0x000001ba6176c250 DEOPT PACKING pc=0x000001ba4ca3ff3c sp=0x0000009f30df7360
Event: 9.881 Thread 0x000001ba6176c250 DEOPT UNPACKING pc=0x000001ba44ee23a3 sp=0x0000009f30df72f8 mode 2
Event: 9.918 Thread 0x000001ba6176c250 Uncommon trap: trap_request=0xffffffde fr.pc=0x000001ba4ca3ff3c relative=0x000000000000025c
Event: 9.918 Thread 0x000001ba6176c250 Uncommon trap: reason=class_check action=maybe_recompile pc=0x000001ba4ca3ff3c method=javafx.scene.Node.updateLocalToParentTransform()V @ 11 c2
Event: 9.918 Thread 0x000001ba6176c250 DEOPT PACKING pc=0x000001ba4ca3ff3c sp=0x0000009f30df7360
Event: 9.918 Thread 0x000001ba6176c250 DEOPT UNPACKING pc=0x000001ba44ee23a3 sp=0x0000009f30df72f8 mode 2
Event: 9.918 Thread 0x000001ba6176c250 Uncommon trap: trap_request=0xffffffde fr.pc=0x000001ba4ca3ff3c relative=0x000000000000025c
Event: 9.918 Thread 0x000001ba6176c250 Uncommon trap: reason=class_check action=maybe_recompile pc=0x000001ba4ca3ff3c method=javafx.scene.Node.updateLocalToParentTransform()V @ 11 c2
Event: 9.918 Thread 0x000001ba6176c250 DEOPT PACKING pc=0x000001ba4ca3ff3c sp=0x0000009f30df72a0
Event: 9.918 Thread 0x000001ba6176c250 DEOPT UNPACKING pc=0x000001ba44ee23a3 sp=0x0000009f30df7238 mode 2
Event: 9.951 Thread 0x000001ba6176c250 Uncommon trap: trap_request=0xffffffde fr.pc=0x000001ba4ca3ff3c relative=0x000000000000025c
Event: 9.951 Thread 0x000001ba6176c250 Uncommon trap: reason=class_check action=maybe_recompile pc=0x000001ba4ca3ff3c method=javafx.scene.Node.updateLocalToParentTransform()V @ 11 c2
Event: 9.951 Thread 0x000001ba6176c250 DEOPT PACKING pc=0x000001ba4ca3ff3c sp=0x0000009f30df7360
Event: 9.951 Thread 0x000001ba6176c250 DEOPT UNPACKING pc=0x000001ba44ee23a3 sp=0x0000009f30df72f8 mode 2

Classes unloaded (0 events):
No events

Classes redefined (0 events):
No events

Internal exceptions (20 events):
Event: 1.354 Thread 0x000001ba6176c250 Exception <a 'java/lang/NoSuchMethodError'{0x000000071f3fef00}: 'void java.lang.invoke.DirectMethodHandle$Holder.invokeStaticInit(java.lang.Object, java.lang.Object)'> (0x000000071f3fef00) 
thrown [t:\workspace\open\src\hotspot\share\interpreter\linkResolver.cpp, line 766]
Event: 1.360 Thread 0x000001ba6176c250 Exception <a 'java/lang/NoSuchMethodError'{0x000000071f0ed300}: 'void java.lang.invoke.DirectMethodHandle$Holder.invokeSpecial(java.lang.Object, java.lang.Object, java.lang.Object, java.lang.Object, java.lang.Object)'> (0x000000071f0ed300) 
thrown [t:\workspace\open\src\hotspot\share\interpreter\linkResolver.cpp, line 766]
Event: 1.387 Thread 0x000001ba6176c250 Exception <a 'sun/nio/fs/WindowsException'{0x000000071f1c4c70}> (0x000000071f1c4c70) 
thrown [t:\workspace\open\src\hotspot\share\prims\jni.cpp, line 516]
Event: 1.430 Thread 0x000001ba6176c250 Exception <a 'sun/nio/fs/WindowsException'{0x000000071eefb388}> (0x000000071eefb388) 
thrown [t:\workspace\open\src\hotspot\share\prims\jni.cpp, line 516]
Event: 1.441 Thread 0x000001ba6176c250 Exception <a 'java/io/FileNotFoundException'{0x000000071ef2da20}> (0x000000071ef2da20) 
thrown [t:\workspace\open\src\hotspot\share\prims\jni.cpp, line 516]
Event: 1.661 Thread 0x000001ba6176c250 Exception <a 'java/lang/NoSuchMethodError'{0x000000071e527670}: 'java.lang.Object java.lang.invoke.DirectMethodHandle$Holder.invokeInterface(java.lang.Object, java.lang.Object, java.lang.Object)'> (0x000000071e527670) 
thrown [t:\workspace\open\src\hotspot\share\interpreter\linkResolver.cpp, line 766]
Event: 1.661 Thread 0x000001ba6176c250 Exception <a 'java/lang/IncompatibleClassChangeError'{0x000000071e52aff8}: Found class java.lang.Object, but interface was expected> (0x000000071e52aff8) 
thrown [t:\workspace\open\src\hotspot\share\interpreter\linkResolver.cpp, line 833]
Event: 1.724 Thread 0x000001ba6176c250 Exception <a 'java/lang/NoSuchMethodError'{0x000000071e2bd250}: 'java.lang.Object java.lang.invoke.DirectMethodHandle$Holder.newInvokeSpecial(java.lang.Object, java.lang.Object, int)'> (0x000000071e2bd250) 
thrown [t:\workspace\open\src\hotspot\share\interpreter\linkResolver.cpp, line 766]
Event: 1.756 Thread 0x000001ba6172e680 Exception <a 'java/lang/NoSuchMethodError'{0x000000071e085a48}: 'int java.lang.invoke.DirectMethodHandle$Holder.invokeStaticInit(java.lang.Object, java.lang.Object)'> (0x000000071e085a48) 
thrown [t:\workspace\open\src\hotspot\share\interpreter\linkResolver.cpp, line 766]
Event: 1.792 Thread 0x000001ba6172e680 Exception <a 'java/lang/NoSuchMethodError'{0x000000071e144b40}: 'java.lang.Object java.lang.invoke.DirectMethodHandle$Holder.invokeStaticInit(java.lang.Object, int)'> (0x000000071e144b40) 
thrown [t:\workspace\open\src\hotspot\share\interpreter\linkResolver.cpp, line 766]
Event: 6.173 Thread 0x000001ba6176c250 Exception <a 'java/lang/NoSuchMethodError'{0x000000071dcd65f8}: 'long java.lang.invoke.DirectMethodHandle$Holder.invokeStatic(java.lang.Object, java.lang.Object, java.lang.Object)'> (0x000000071dcd65f8) 
thrown [t:\workspace\open\src\hotspot\share\interpreter\linkResolver.cpp, line 766]
Event: 6.173 Thread 0x000001ba6176c250 Exception <a 'java/lang/NoSuchMethodError'{0x000000071dcd9fe0}: 'long java.lang.invoke.DirectMethodHandle$Holder.invokeStaticInit(java.lang.Object, java.lang.Object, java.lang.Object)'> (0x000000071dcd9fe0) 
thrown [t:\workspace\open\src\hotspot\share\interpreter\linkResolver.cpp, line 766]
Event: 6.178 Thread 0x000001ba6176c250 Exception <a 'java/lang/NoSuchMethodError'{0x000000071dcf1be8}: 'java.lang.Object java.lang.invoke.DirectMethodHandle$Holder.newInvokeSpecial(java.lang.Object, java.lang.Object, long)'> (0x000000071dcf1be8) 
thrown [t:\workspace\open\src\hotspot\share\interpreter\linkResolver.cpp, line 766]
Event: 6.178 Thread 0x000001ba6176c250 Exception <a 'java/lang/NoSuchMethodError'{0x000000071dcf5758}: 'java.lang.Object java.lang.invoke.Invokers$Holder.linkToTargetMethod(java.lang.Object, long, java.lang.Object)'> (0x000000071dcf5758) 
thrown [t:\workspace\open\src\hotspot\share\interpreter\linkResolver.cpp, line 766]
Event: 6.881 Thread 0x000001ba6176c250 Exception <a 'java/io/FileNotFoundException'{0x000000071da667e0}> (0x000000071da667e0) 
thrown [t:\workspace\open\src\hotspot\share\prims\jni.cpp, line 516]
Event: 6.904 Thread 0x000001ba6176c250 Exception <a 'java/io/FileNotFoundException'{0x000000071db21470}> (0x000000071db21470) 
thrown [t:\workspace\open\src\hotspot\share\prims\jni.cpp, line 516]
Event: 6.951 Thread 0x000001ba6176c250 Exception <a 'java/io/FileNotFoundException'{0x000000071d8de058}> (0x000000071d8de058) 
thrown [t:\workspace\open\src\hotspot\share\prims\jni.cpp, line 516]
Event: 6.990 Thread 0x000001ba6176c250 Implicit null exception at 0x000001ba4c9caf90 to 0x000001ba4c9cb3c4
Event: 6.990 Thread 0x000001ba6176c250 Implicit null exception at 0x000001ba4ca17a58 to 0x000001ba4ca17aee
Event: 9.843 Thread 0x000001ba6176c250 Exception <a 'java/lang/NoSuchMethodError'{0x000000071f8ce978}: 'java.lang.Object java.lang.invoke.DirectMethodHandle$Holder.newInvokeSpecial(java.lang.Object, java.lang.Object, java.lang.Object, double, double, double, double, int, int, int, int, int, int, int, int, int)'> (0x000000071f8ce978) 
thrown [t:\workspace\open\src\hotspot\share\interpreter\linkResolver.cpp, line 766]

VM Operations (20 events):
Event: 1.733 Executing VM operation: ICBufferFull done
Event: 3.733 Executing VM operation: Cleanup
Event: 3.733 Executing VM operation: Cleanup done
Event: 5.734 Executing VM operation: Cleanup
Event: 5.734 Executing VM operation: Cleanup done
Event: 6.735 Executing VM operation: Cleanup
Event: 6.735 Executing VM operation: Cleanup done
Event: 7.005 Executing VM operation: G1CollectForAllocation
Event: 7.013 Executing VM operation: G1CollectForAllocation done
Event: 7.201 Executing VM operation: ICBufferFull
Event: 7.201 Executing VM operation: ICBufferFull done
Event: 8.201 Executing VM operation: Cleanup
Event: 8.201 Executing VM operation: Cleanup done
Event: 9.202 Executing VM operation: Cleanup
Event: 9.202 Executing VM operation: Cleanup done
Event: 10.202 Executing VM operation: Cleanup
Event: 10.202 Executing VM operation: Cleanup done
Event: 432.405 Executing VM operation: Cleanup
Event: 432.405 Executing VM operation: Cleanup done
Event: 435.231 Executing VM operation: Exit

Events (20 events):
Event: 7.096 loading class sun/text/RuleBasedBreakIterator done
Event: 7.097 loading class jdk/internal/misc/ScopedMemoryAccess$Scope
Event: 7.097 loading class jdk/internal/misc/ScopedMemoryAccess$Scope done
Event: 7.098 loading class sun/text/CompactByteArray
Event: 7.098 loading class sun/text/CompactByteArray done
Event: 7.098 loading class sun/text/SupplementaryCharacterData
Event: 7.098 loading class sun/text/SupplementaryCharacterData done
Event: 7.098 loading class java/text/BreakIterator$BreakIteratorCache
Event: 7.099 loading class java/text/BreakIterator$BreakIteratorCache done
Event: 8.958 Thread 0x000001ba66394580 Thread added: 0x000001ba66394580
Event: 8.989 Thread 0x000001ba605e8ad0 Thread added: 0x000001ba605e8ad0
Event: 9.841 Thread 0x000001ba605e8ad0 Thread exited: 0x000001ba605e8ad0
Event: 9.841 Thread 0x000001ba66394580 Thread exited: 0x000001ba66394580
Event: 435.227 loading class jdk/internal/misc/Signal$1
Event: 435.227 loading class jdk/internal/misc/Signal$1 done
Event: 435.228 Thread 0x000001ba603124f0 Thread added: 0x000001ba603124f0
Event: 435.229 Thread 0x000001ba6030aca0 Thread added: 0x000001ba6030aca0
Event: 435.229 Thread 0x000001ba60311680 Thread added: 0x000001ba60311680
Event: 435.229 Thread 0x000001ba6030aca0 Thread exited: 0x000001ba6030aca0
Event: 435.230 Thread 0x000001ba60311680 Thread exited: 0x000001ba60311680


Dynamic libraries:
0x00007ff6c7890000 - 0x00007ff6c789e000 	D:\My documents\JDK_O.O\bin\java.exe
0x00007ff9d00b0000 - 0x00007ff9d02c7000 	C:\WINDOWS\SYSTEM32\ntdll.dll
0x00007ff9cfda0000 - 0x00007ff9cfe64000 	C:\WINDOWS\System32\KERNEL32.DLL
0x00007ff9cda50000 - 0x00007ff9cddf5000 	C:\WINDOWS\System32\KERNELBASE.dll
0x00007ff9c9d00000 - 0x00007ff9c9d97000 	C:\WINDOWS\SYSTEM32\apphelp.dll
0x00007ff9cd6d0000 - 0x00007ff9cd7e1000 	C:\WINDOWS\System32\ucrtbase.dll
0x00007ff9c6f40000 - 0x00007ff9c6f58000 	D:\My documents\JDK_O.O\bin\jli.dll
0x00007ff9c6240000 - 0x00007ff9c625a000 	D:\My documents\JDK_O.O\bin\VCRUNTIME140.dll
0x00007ff9cf400000 - 0x00007ff9cf5ae000 	C:\WINDOWS\System32\USER32.dll
0x00007ff9cda20000 - 0x00007ff9cda46000 	C:\WINDOWS\System32\win32u.dll
0x00007ff9cf670000 - 0x00007ff9cf699000 	C:\WINDOWS\System32\GDI32.dll
0x00007ff9c17c0000 - 0x00007ff9c1a53000 	C:\WINDOWS\WinSxS\amd64_microsoft.windows.common-controls_6595b64144ccf1df_6.0.22621.2506_none_270c5ae97388e100\COMCTL32.dll
0x00007ff9cd5b0000 - 0x00007ff9cd6c9000 	C:\WINDOWS\System32\gdi32full.dll
0x00007ff9ced70000 - 0x00007ff9cee17000 	C:\WINDOWS\System32\msvcrt.dll
0x00007ff9cd510000 - 0x00007ff9cd5aa000 	C:\WINDOWS\System32\msvcp_win.dll
0x00007ff9ce8c0000 - 0x00007ff9ce8f1000 	C:\WINDOWS\System32\IMM32.DLL
0x0000000068a70000 - 0x0000000068a7c000 	D:\360\Total Security\safemon\SafeWrapper.dll
0x00007ff9cf5b0000 - 0x00007ff9cf661000 	C:\WINDOWS\System32\ADVAPI32.dll
0x00007ff9cf350000 - 0x00007ff9cf3f6000 	C:\WINDOWS\System32\sechost.dll
0x00007ff9ce670000 - 0x00007ff9ce787000 	C:\WINDOWS\System32\RPCRT4.dll
0x00007ff9a3d70000 - 0x00007ff9a3e02000 	D:\360\Total Security\safemon\libzdtp64.dll
0x00007ff9cde10000 - 0x00007ff9ce669000 	C:\WINDOWS\System32\SHELL32.dll
0x00007ff9cf870000 - 0x00007ff9cf8ce000 	C:\WINDOWS\System32\SHLWAPI.dll
0x00007ff9ccdf0000 - 0x00007ff9ccdfa000 	C:\WINDOWS\SYSTEM32\VERSION.dll
0x00007ff9c6f30000 - 0x00007ff9c6f3c000 	D:\My documents\JDK_O.O\bin\vcruntime140_1.dll
0x00007ff9bc920000 - 0x00007ff9bc9ad000 	D:\My documents\JDK_O.O\bin\msvcp140.dll
0x00007ff98b3d0000 - 0x00007ff98bf91000 	D:\My documents\JDK_O.O\bin\server\jvm.dll
0x00007ff9cf6a0000 - 0x00007ff9cf6a8000 	C:\WINDOWS\System32\PSAPI.DLL
0x00007ff9c50e0000 - 0x00007ff9c5114000 	C:\WINDOWS\SYSTEM32\WINMM.dll
0x00007ff9a4550000 - 0x00007ff9a4559000 	C:\WINDOWS\SYSTEM32\WSOCK32.dll
0x00007ff9ce820000 - 0x00007ff9ce891000 	C:\WINDOWS\System32\WS2_32.dll
0x00007ff9cc3b0000 - 0x00007ff9cc3c8000 	C:\WINDOWS\SYSTEM32\kernel.appcore.dll
0x00007ff9c6230000 - 0x00007ff9c623a000 	D:\My documents\JDK_O.O\bin\jimage.dll
0x00007ff9ca5a0000 - 0x00007ff9ca7d3000 	C:\WINDOWS\SYSTEM32\DBGHELP.DLL
0x00007ff9cf8d0000 - 0x00007ff9cfc59000 	C:\WINDOWS\System32\combase.dll
0x00007ff9cec80000 - 0x00007ff9ced57000 	C:\WINDOWS\System32\OLEAUT32.dll
0x00007ff9bf7e0000 - 0x00007ff9bf812000 	C:\WINDOWS\SYSTEM32\dbgcore.DLL
0x00007ff9cd490000 - 0x00007ff9cd50a000 	C:\WINDOWS\System32\bcryptPrimitives.dll
0x00007ff9bc910000 - 0x00007ff9bc91e000 	D:\My documents\JDK_O.O\bin\instrument.dll
0x00007ff9baf00000 - 0x00007ff9baf25000 	D:\My documents\JDK_O.O\bin\java.dll
0x00007ff9953b0000 - 0x00007ff995486000 	D:\My documents\JDK_O.O\bin\jsvml.dll
0x00007ff9cb2d0000 - 0x00007ff9cbbc4000 	C:\WINDOWS\SYSTEM32\windows.storage.dll
0x00007ff9cb190000 - 0x00007ff9cb2ce000 	C:\WINDOWS\SYSTEM32\wintypes.dll
0x00007ff9cff70000 - 0x00007ff9d0063000 	C:\WINDOWS\System32\SHCORE.dll
0x00007ff9cd350000 - 0x00007ff9cd376000 	C:\WINDOWS\SYSTEM32\profapi.dll
0x00007ff9baee0000 - 0x00007ff9baef9000 	D:\My documents\JDK_O.O\bin\net.dll
0x00007ff9c5310000 - 0x00007ff9c5447000 	C:\WINDOWS\SYSTEM32\WINHTTP.dll
0x00007ff9cc830000 - 0x00007ff9cc899000 	C:\WINDOWS\system32\mswsock.dll
0x00007ff9b7e70000 - 0x00007ff9b7e86000 	D:\My documents\JDK_O.O\bin\nio.dll
0x00007ff9b7e50000 - 0x00007ff9b7e68000 	D:\My documents\JDK_O.O\bin\zip.dll
0x00007ff9a97f0000 - 0x00007ff9a980a000 	D:\IntelliJ IDEA Community Edition 2021.3.2\bin\breakgen64.dll
0x000001ba60710000 - 0x000001ba60713000 	C:\Users\Warfa\.openjfx\cache\19.0.2.1+1\amd64\api-ms-win-core-console-l1-1-0.dll
0x000001ba60720000 - 0x000001ba60723000 	C:\Users\Warfa\.openjfx\cache\19.0.2.1+1\amd64\api-ms-win-core-console-l1-2-0.dll
0x000001ba60730000 - 0x000001ba60733000 	C:\Users\Warfa\.openjfx\cache\19.0.2.1+1\amd64\api-ms-win-core-datetime-l1-1-0.dll
0x000001ba60740000 - 0x000001ba60743000 	C:\Users\Warfa\.openjfx\cache\19.0.2.1+1\amd64\api-ms-win-core-debug-l1-1-0.dll
0x000001ba60750000 - 0x000001ba60753000 	C:\Users\Warfa\.openjfx\cache\19.0.2.1+1\amd64\api-ms-win-core-errorhandling-l1-1-0.dll
0x000001ba60760000 - 0x000001ba60764000 	C:\Users\Warfa\.openjfx\cache\19.0.2.1+1\amd64\api-ms-win-core-file-l1-1-0.dll
0x000001ba60770000 - 0x000001ba60773000 	C:\Users\Warfa\.openjfx\cache\19.0.2.1+1\amd64\api-ms-win-core-file-l1-2-0.dll
0x000001ba60780000 - 0x000001ba60783000 	C:\Users\Warfa\.openjfx\cache\19.0.2.1+1\amd64\api-ms-win-core-file-l2-1-0.dll
0x000001ba60790000 - 0x000001ba60793000 	C:\Users\Warfa\.openjfx\cache\19.0.2.1+1\amd64\api-ms-win-core-handle-l1-1-0.dll
0x000001ba607a0000 - 0x000001ba607a3000 	C:\Users\Warfa\.openjfx\cache\19.0.2.1+1\amd64\api-ms-win-core-heap-l1-1-0.dll
0x000001ba607b0000 - 0x000001ba607b3000 	C:\Users\Warfa\.openjfx\cache\19.0.2.1+1\amd64\api-ms-win-core-interlocked-l1-1-0.dll
0x000001ba607c0000 - 0x000001ba607c3000 	C:\Users\Warfa\.openjfx\cache\19.0.2.1+1\amd64\api-ms-win-core-libraryloader-l1-1-0.dll
0x000001ba607d0000 - 0x000001ba607d3000 	C:\Users\Warfa\.openjfx\cache\19.0.2.1+1\amd64\api-ms-win-core-localization-l1-2-0.dll
0x000001ba607e0000 - 0x000001ba607e3000 	C:\Users\Warfa\.openjfx\cache\19.0.2.1+1\amd64\api-ms-win-core-memory-l1-1-0.dll
0x000001ba607f0000 - 0x000001ba607f3000 	C:\Users\Warfa\.openjfx\cache\19.0.2.1+1\amd64\api-ms-win-core-namedpipe-l1-1-0.dll
0x000001ba61800000 - 0x000001ba61803000 	C:\Users\Warfa\.openjfx\cache\19.0.2.1+1\amd64\api-ms-win-core-processenvironment-l1-1-0.dll
0x000001ba61810000 - 0x000001ba61813000 	C:\Users\Warfa\.openjfx\cache\19.0.2.1+1\amd64\api-ms-win-core-processthreads-l1-1-0.dll
0x000001ba61820000 - 0x000001ba61823000 	C:\Users\Warfa\.openjfx\cache\19.0.2.1+1\amd64\api-ms-win-core-processthreads-l1-1-1.dll
0x000001ba61830000 - 0x000001ba61833000 	C:\Users\Warfa\.openjfx\cache\19.0.2.1+1\amd64\api-ms-win-core-profile-l1-1-0.dll
0x000001ba61840000 - 0x000001ba61843000 	C:\Users\Warfa\.openjfx\cache\19.0.2.1+1\amd64\api-ms-win-core-rtlsupport-l1-1-0.dll
0x000001ba61850000 - 0x000001ba61853000 	C:\Users\Warfa\.openjfx\cache\19.0.2.1+1\amd64\api-ms-win-core-string-l1-1-0.dll
0x000001ba61860000 - 0x000001ba61863000 	C:\Users\Warfa\.openjfx\cache\19.0.2.1+1\amd64\api-ms-win-core-synch-l1-1-0.dll
0x000001ba61870000 - 0x000001ba61873000 	C:\Users\Warfa\.openjfx\cache\19.0.2.1+1\amd64\api-ms-win-core-synch-l1-2-0.dll
0x000001ba61880000 - 0x000001ba61883000 	C:\Users\Warfa\.openjfx\cache\19.0.2.1+1\amd64\api-ms-win-core-sysinfo-l1-1-0.dll
0x000001ba61890000 - 0x000001ba61893000 	C:\Users\Warfa\.openjfx\cache\19.0.2.1+1\amd64\api-ms-win-core-timezone-l1-1-0.dll
0x000001ba618a0000 - 0x000001ba618a3000 	C:\Users\Warfa\.openjfx\cache\19.0.2.1+1\amd64\api-ms-win-core-util-l1-1-0.dll
0x000001ba618b0000 - 0x000001ba618b3000 	C:\Users\Warfa\.openjfx\cache\19.0.2.1+1\amd64\api-ms-win-crt-conio-l1-1-0.dll
0x000001ba618c0000 - 0x000001ba618c4000 	C:\Users\Warfa\.openjfx\cache\19.0.2.1+1\amd64\api-ms-win-crt-convert-l1-1-0.dll
0x000001ba618d0000 - 0x000001ba618d3000 	C:\Users\Warfa\.openjfx\cache\19.0.2.1+1\amd64\api-ms-win-crt-environment-l1-1-0.dll
0x000001ba618e0000 - 0x000001ba618e3000 	C:\Users\Warfa\.openjfx\cache\19.0.2.1+1\amd64\api-ms-win-crt-filesystem-l1-1-0.dll
0x000001ba618f0000 - 0x000001ba618f3000 	C:\Users\Warfa\.openjfx\cache\19.0.2.1+1\amd64\api-ms-win-crt-heap-l1-1-0.dll
0x000001ba61900000 - 0x000001ba61903000 	C:\Users\Warfa\.openjfx\cache\19.0.2.1+1\amd64\api-ms-win-crt-locale-l1-1-0.dll
0x000001ba61910000 - 0x000001ba61915000 	C:\Users\Warfa\.openjfx\cache\19.0.2.1+1\amd64\api-ms-win-crt-math-l1-1-0.dll
0x000001ba61920000 - 0x000001ba61925000 	C:\Users\Warfa\.openjfx\cache\19.0.2.1+1\amd64\api-ms-win-crt-multibyte-l1-1-0.dll
0x000001ba61930000 - 0x000001ba61940000 	C:\Users\Warfa\.openjfx\cache\19.0.2.1+1\amd64\api-ms-win-crt-private-l1-1-0.dll
0x000001ba61940000 - 0x000001ba61943000 	C:\Users\Warfa\.openjfx\cache\19.0.2.1+1\amd64\api-ms-win-crt-process-l1-1-0.dll
0x000001ba61950000 - 0x000001ba61954000 	C:\Users\Warfa\.openjfx\cache\19.0.2.1+1\amd64\api-ms-win-crt-runtime-l1-1-0.dll
0x000001ba61960000 - 0x000001ba61964000 	C:\Users\Warfa\.openjfx\cache\19.0.2.1+1\amd64\api-ms-win-crt-stdio-l1-1-0.dll
0x000001ba61970000 - 0x000001ba61974000 	C:\Users\Warfa\.openjfx\cache\19.0.2.1+1\amd64\api-ms-win-crt-string-l1-1-0.dll
0x000001ba61980000 - 0x000001ba61983000 	C:\Users\Warfa\.openjfx\cache\19.0.2.1+1\amd64\api-ms-win-crt-time-l1-1-0.dll
0x000001ba61990000 - 0x000001ba61993000 	C:\Users\Warfa\.openjfx\cache\19.0.2.1+1\amd64\api-ms-win-crt-utility-l1-1-0.dll
0x00007ff995c10000 - 0x00007ff995d0c000 	C:\Users\Warfa\.openjfx\cache\19.0.2.1+1\amd64\ucrtbase.dll
0x00007ff9a3650000 - 0x00007ff9a366b000 	C:\Users\Warfa\.openjfx\cache\19.0.2.1+1\amd64\vcruntime140.dll
0x00007ff9a60f0000 - 0x00007ff9a60fc000 	C:\Users\Warfa\.openjfx\cache\19.0.2.1+1\amd64\vcruntime140_1.dll
0x00007ff995b80000 - 0x00007ff995c0e000 	C:\Users\Warfa\.openjfx\cache\19.0.2.1+1\amd64\msvcp140.dll
0x00007ff9a3ec0000 - 0x00007ff9a3ec9000 	C:\Users\Warfa\.openjfx\cache\19.0.2.1+1\amd64\msvcp140_1.dll
0x00007ff99c140000 - 0x00007ff99c170000 	C:\Users\Warfa\.openjfx\cache\19.0.2.1+1\amd64\msvcp140_2.dll
0x00007ff996b40000 - 0x00007ff996b6c000 	C:\Users\Warfa\.openjfx\cache\19.0.2.1+1\amd64\prism_d3d.dll
0x00007ff98cf50000 - 0x00007ff98d0f9000 	C:\WINDOWS\system32\d3d9.dll
0x00007ff9ca050000 - 0x00007ff9ca07b000 	C:\WINDOWS\SYSTEM32\dwmapi.dll
0x00007ff9c9f00000 - 0x00007ff9c9f36000 	C:\WINDOWS\SYSTEM32\dxcore.dll
0x00007ff9c9e20000 - 0x00007ff9c9ecb000 	C:\WINDOWS\system32\uxtheme.dll
0x00007ff9ce900000 - 0x00007ff9ceaa0000 	C:\WINDOWS\System32\ole32.dll
0x00007ff9c7820000 - 0x00007ff9c786a000 	C:\WINDOWS\SYSTEM32\directxdatabasehelper.dll
0x00007ff995b30000 - 0x00007ff995b72000 	C:\Users\Warfa\.openjfx\cache\19.0.2.1+1\amd64\glass.dll
0x00007ff9cfe70000 - 0x00007ff9cff69000 	C:\WINDOWS\System32\COMDLG32.dll
0x00007ff9ceb10000 - 0x00007ff9cec5f000 	C:\WINDOWS\System32\MSCTF.dll
0x00007ff996640000 - 0x00007ff99666d000 	C:\Users\Warfa\.openjfx\cache\19.0.2.1+1\amd64\javafx_iio.dll
0x00007ff9a2da0000 - 0x00007ff9a2db4000 	C:\Users\Warfa\.openjfx\cache\19.0.2.1+1\amd64\javafx_font.dll
0x00007ff9c88e0000 - 0x00007ff9c8b53000 	C:\WINDOWS\SYSTEM32\dwrite.dll
0x00007ff9cf2a0000 - 0x00007ff9cf350000 	C:\WINDOWS\System32\clbcatq.dll
0x00007ff9c8730000 - 0x00007ff9c88e0000 	C:\WINDOWS\SYSTEM32\WindowsCodecs.dll
0x00007ff9a4260000 - 0x00007ff9a42be000 	C:\WINDOWS\system32\dataexchange.dll
0x00007ff9c4d50000 - 0x00007ff9c4fd5000 	C:\WINDOWS\system32\twinapi.appcore.dll
0x00007ff99c170000 - 0x00007ff99c1a2000 	C:\Program Files\Common Files\Microsoft Shared\Ink\rtscom.dll
0x00007ff9b72f0000 - 0x00007ff9b743a000 	C:\WINDOWS\SYSTEM32\textinputframework.dll
0x00007ff9c9a20000 - 0x00007ff9c9b53000 	C:\WINDOWS\SYSTEM32\CoreMessaging.dll
0x00007ff9c7030000 - 0x00007ff9c739c000 	C:\WINDOWS\SYSTEM32\CoreUIComponents.dll
0x00007ff9ccaa0000 - 0x00007ff9ccaac000 	C:\WINDOWS\SYSTEM32\CRYPTBASE.DLL

dbghelp: loaded successfully - version: 4.0.5 - missing functions: none
symbol engine: initialized successfully - sym options: 0x614 - pdb path: .;D:\My documents\JDK_O.O\bin;C:\WINDOWS\SYSTEM32;C:\WINDOWS\WinSxS\amd64_microsoft.windows.common-controls_6595b64144ccf1df_6.0.22621.2506_none_270c5ae97388e100;D:\360\Total Security\safemon;D:\My documents\JDK_O.O\bin\server;D:\IntelliJ IDEA Community Edition 2021.3.2\bin;C:\Users\Warfa\.openjfx\cache\19.0.2.1+1\amd64;C:\WINDOWS\System32\DriverStore\FileRepository\u0397033.inf_amd64_bf2b1fc18ba7195d\B396953;C:\Program Files\Common Files\Microsoft Shared\Ink

VM Arguments:
jvm_args: -javaagent:D:\IntelliJ IDEA Community Edition 2021.3.2\lib\idea_rt.jar=58198:D:\IntelliJ IDEA Community Edition 2021.3.2\bin -Dfile.encoding=UTF-8 --module-path=C:\Users\Warfa\.m2\repository\org\openjfx\javafx-controls\19.0.2.1\javafx-controls-19.0.2.1-win.jar;D:\My documents\Универ\Java\courseProject\target\classes;C:\Users\Warfa\.m2\repository\org\openjfx\javafx-graphics\19.0.2.1\javafx-graphics-19.0.2.1-win.jar;C:\Users\Warfa\.m2\repository\org\openjfx\javafx-fxml\19.0.2.1\javafx-fxml-19.0.2.1-win.jar;C:\Users\Warfa\.m2\repository\org\openjfx\javafx-base\19.0.2.1\javafx-base-19.0.2.1-win.jar -Djdk.module.main=com.course.courseproject 
java_command: com.course.courseproject/com.course.courseproject.Main
java_class_path (initial): D:\My documents\С загрузок\javafx-sdk-19\lib;C:\Users\Warfa\.m2\repository\org\openjfx\javafx-controls\19.0.2.1\javafx-controls-19.0.2.1.jar;C:\Users\Warfa\.m2\repository\org\openjfx\javafx-graphics\19.0.2.1\javafx-graphics-19.0.2.1.jar;C:\Users\Warfa\.m2\repository\org\openjfx\javafx-base\19.0.2.1\javafx-base-19.0.2.1.jar;C:\Users\Warfa\.m2\repository\org\openjfx\javafx-fxml\19.0.2.1\javafx-fxml-19.0.2.1.jar
Launcher Type: SUN_STANDARD

[Global flags]
     intx CICompilerCount                          = 4                                         {product} {ergonomic}
     uint ConcGCThreads                            = 2                                         {product} {ergonomic}
     uint G1ConcRefinementThreads                  = 8                                         {product} {ergonomic}
   size_t G1HeapRegionSize                         = 2097152                                   {product} {ergonomic}
    uintx GCDrainStackTargetSize                   = 64                                        {product} {ergonomic}
   size_t InitialHeapSize                          = 251658240                                 {product} {ergonomic}
   size_t MarkStackSize                            = 4194304                                   {product} {ergonomic}
   size_t MaxHeapSize                              = 4009754624                                {product} {ergonomic}
   size_t MaxNewSize                               = 2405433344                                {product} {ergonomic}
   size_t MinHeapDeltaBytes                        = 2097152                                   {product} {ergonomic}
   size_t MinHeapSize                              = 8388608                                   {product} {ergonomic}
    uintx NonNMethodCodeHeapSize                   = 5839372                                {pd product} {ergonomic}
    uintx NonProfiledCodeHeapSize                  = 122909434                              {pd product} {ergonomic}
    uintx ProfiledCodeHeapSize                     = 122909434                              {pd product} {ergonomic}
    uintx ReservedCodeCacheSize                    = 251658240                              {pd product} {ergonomic}
     bool SegmentedCodeCache                       = true                                      {product} {ergonomic}
   size_t SoftMaxHeapSize                          = 4009754624                             {manageable} {ergonomic}
     bool UseCompressedClassPointers               = true                           {product lp64_product} {ergonomic}
     bool UseCompressedOops                        = true                           {product lp64_product} {ergonomic}
     bool UseG1GC                                  = true                                      {product} {ergonomic}
     bool UseLargePagesIndividualAllocation        = false                                  {pd product} {ergonomic}

Logging:
Log output configuration:
 #0: stdout all=off uptime,level,tags
 #1: stderr all=off uptime,level,tags

Environment Variables:
PATH=C:\Program Files (x86)\Common Files\Oracle\Java\javapath;D:\My documents\Microsoft VS Code\resources\JDK\bin;C:\Program Files (x86)\NVIDIA Corporation\PhysX\Common;C:\WINDOWS\system32;C:\WINDOWS;C:\WINDOWS\System32\Wbem;C:\WINDOWS\System32\WindowsPowerShell\v1.0\;C:\WINDOWS\System32\OpenSSH\;C:\Program Files\Git\cmd;C:\Program Files\RedHat\java-1.8.0-openjdk-1.8.0.332-2\bin;C:\Program Files\RedHat\java-1.8.0-openjdk-1.8.0.332-2\jre\bin;C:\Program Files\dotnet\;C:\Program Files\Microsoft SQL Server\130\Tools\Binn\;C:\Program Files\Microsoft SQL Server\Client SDK\ODBC\170\Tools\Binn\;D:\My documents\Maven\nodejs\;C:\Program Files\MySQL\MySQL Shell 8.0\bin\;C:\Users\Warfa\AppData\Local\Microsoft\WindowsApps;;D:\My documents\Microsoft VS Code\bin;C:\Users\Warfa\.dotnet\tools;C:\Users\Warfa\AppData\Roaming\npm;C:\Users\Warfa\SurrealDB;%USERPROFILE%\AppData\Local\Microsoft\WindowsApps
USERNAME=Warfa
OS=Windows_NT
PROCESSOR_IDENTIFIER=AMD64 Family 23 Model 24 Stepping 1, AuthenticAMD



---------------  S Y S T E M  ---------------

OS:
 Windows 11 , 64 bit Build 22621 (10.0.22621.2506)
OS uptime: 2 days 1:03 hours

CPU: total 8 (initial active 8) (8 cores per cpu, 2 threads per core) family 23 model 24 stepping 1 microcode 0x0, cx8, cmov, fxsr, ht, mmx, 3dnowpref, sse, sse2, sse3, ssse3, sse4a, sse4.1, sse4.2, popcnt, lzcnt, tsc, tscinvbit, avx, avx2, aes, clmul, bmi1, bmi2, adx, sha, fma, vzeroupper, clflush, clflushopt

Memory: 4k page, system-wide physical 15295M (7869M free)
TotalPageFile size 19295M (AvailPageFile size 7999M)
current process WorkingSet (physical memory assigned to process): 240M, peak: 298M
current process commit charge ("private bytes"): 546M, peak: 615M

vm_info: OpenJDK 64-Bit Server VM (17.0.2+8-86) for windows-amd64 JRE (17.0.2+8-86), built on Dec  7 2021 21:49:10 by "mach5one" with MS VC++ 16.8 / 16.9 (VS2019)

END.
